<?xml version="1.0" encoding="UTF-8"?>
<!-- Generated by org.testng.reporters.JUnitReportReporter -->
<testsuite hostname="DESKTOP-DJ4FDME" failures="0" tests="3" name="org.wipro.auto.fb.testcases.SignupScenario" time="27.537" errors="0" timestamp="2024-06-08T07:28:45 IST" skipped="0">
  <testcase classname="org.wipro.auto.fb.testcases.SignupScenario" name="tc02_validateSignupvalidation" time="9.034"/>
  <testcase classname="org.wipro.auto.fb.testcases.SignupScenario" name="tc02_validateSignupvalidation" time="8.156"/>
  <testcase classname="org.wipro.auto.fb.testcases.SignupScenario" name="tc02_validateSignupvalidation" time="10.347"/>
</testsuite> <!-- org.wipro.auto.fb.testcases.SignupScenario -->
