<?xml version="1.0" encoding="UTF-8"?>
<!-- Generated by org.testng.reporters.JUnitReportReporter -->
<testsuite hostname="DESKTOP-DJ4FDME" failures="0" tests="1" name="org.wipro.auto.fb.testcases.LoginScenario" time="5.045" errors="0" timestamp="2024-06-08T06:50:22 IST" skipped="0">
  <testcase classname="org.wipro.auto.fb.testcases.LoginScenario" name="tc01_validateloginfunc_coorectcredential" time="5.045"/>
</testsuite> <!-- org.wipro.auto.fb.testcases.LoginScenario -->
